#
# There is insufficient memory for the Java Runtime Environment to continue.
# Native memory allocation (malloc) failed to allocate 1048576 bytes for AllocateHeap
# Possible reasons:
#   The system is out of physical RAM or swap space
#   In 32 bit mode, the process size limit was hit
# Possible solutions:
#   Reduce memory load on the system
#   Increase physical memory or swap space
#   Check if swap backing store is full
#   Use 64 bit Java on a 64 bit OS
#   Decrease Java heap size (-Xmx/-Xms)
#   Decrease number of Java threads
#   Decrease Java thread stack sizes (-Xss)
#   Set larger code cache with -XX:ReservedCodeCacheSize=
# This output file may be truncated or incomplete.
#
#  Out of Memory Error (memory/allocation.inline.hpp:61), pid=3752, tid=9140
#
# JRE version:  (8.0_65-b17) (build )
# Java VM: Java HotSpot(TM) 64-Bit Server VM (25.65-b01 mixed mode windows-amd64 compressed oops)
# Failed to write core dump. Minidumps are not enabled by default on client versions of Windows
#

---------------  T H R E A D  ---------------

Current thread (0x000000000253d800):  JavaThread "Unknown thread" [_thread_in_vm, id=9140, stack(0x0000000002380000,0x0000000002480000)]

Stack: [0x0000000002380000,0x0000000002480000]
[error occurred during error reporting (printing stack bounds), id 0xc0000005]

Native frames: (J=compiled Java code, j=interpreted, Vv=VM code, C=native code)


---------------  P R O C E S S  ---------------

Java Threads: ( => current thread )

Other Threads:

=>0x000000000253d800 (exited) JavaThread "Unknown thread" [_thread_in_vm, id=9140, stack(0x0000000002380000,0x0000000002480000)]

VM state:not at safepoint (normal execution)

VM Mutex/Monitor currently owned by a thread: None

Heap:
 PSYoungGen      total 38400K, used 665K [0x00000000eab00000, 0x00000000ed580000, 0x0000000100000000)
  eden space 33280K, 2% used [0x00000000eab00000,0x00000000eaba6670,0x00000000ecb80000)
  from space 5120K, 0% used [0x00000000ed080000,0x00000000ed080000,0x00000000ed580000)
  to   space 5120K, 0% used [0x00000000ecb80000,0x00000000ecb80000,0x00000000ed080000)
 ParOldGen       total 87552K, used 0K [0x00000000c0000000, 0x00000000c5580000, 0x00000000eab00000)
  object space 87552K, 0% used [0x00000000c0000000,0x00000000c0000000,0x00000000c5580000)
 Metaspace       used 767K, capacity 4480K, committed 4480K, reserved 1056768K
  class space    used 75K, capacity 384K, committed 384K, reserved 1048576K

Card table byte_map: [0x0000000011a00000,0x0000000011c10000] byte_map_base: 0x0000000011400000

Marking Bits: (ParMarkBitMap*) 0x000000006d65a5b0
 Begin Bits: [0x0000000012170000, 0x0000000013170000)
 End Bits:   [0x0000000013170000, 0x0000000014170000)

Polling page: 0x0000000002320000

CodeCache: size=245760Kb used=328Kb max_used=328Kb free=245431Kb
 bounds [0x0000000002640000, 0x00000000028b0000, 0x0000000011640000]
 total_blobs=57 nmethods=0 adapters=37
 compilation: enabled

Compilation events (0 events):
No events

GC Heap History (0 events):
No events

Deoptimization events (0 events):
No events

Internal exceptions (0 events):
No events

Events (10 events):
Event: 0.027 loading class java/lang/Short
Event: 0.027 loading class java/lang/Short done
Event: 0.027 loading class java/lang/Integer
Event: 0.028 loading class java/lang/Integer done
Event: 0.028 loading class java/lang/Long
Event: 0.028 loading class java/lang/Long done
Event: 0.028 loading class java/lang/NullPointerException
Event: 0.028 loading class java/lang/NullPointerException done
Event: 0.028 loading class java/lang/ArithmeticException
Event: 0.028 loading class java/lang/ArithmeticException done


Dynamic libraries:
0x00007ff6c3fa0000 - 0x00007ff6c3fd7000 	C:\Program Files\Java\jdk1.8.0_65\bin\java.exe
0x00007ffa54470000 - 0x00007ffa54632000 	C:\WINDOWS\SYSTEM32\ntdll.dll
0x00007ffa51cd0000 - 0x00007ffa51d7d000 	C:\WINDOWS\system32\KERNEL32.DLL
0x00007ffa51100000 - 0x00007ffa512dd000 	C:\WINDOWS\system32\KERNELBASE.dll
0x00007ffa51d90000 - 0x00007ffa51e36000 	C:\WINDOWS\system32\ADVAPI32.dll
0x00007ffa53e90000 - 0x00007ffa53f2d000 	C:\WINDOWS\system32\msvcrt.dll
0x00007ffa51b40000 - 0x00007ffa51b9b000 	C:\WINDOWS\system32\sechost.dll
0x00007ffa51ba0000 - 0x00007ffa51cc6000 	C:\WINDOWS\system32\RPCRT4.dll
0x00007ffa520d0000 - 0x00007ffa5221e000 	C:\WINDOWS\system32\USER32.dll
0x00007ffa52680000 - 0x00007ffa52806000 	C:\WINDOWS\system32\GDI32.dll
0x00007ffa44250000 - 0x00007ffa444c4000 	C:\WINDOWS\WinSxS\amd64_microsoft.windows.common-controls_6595b64144ccf1df_6.0.10240.16384_none_f41f7b285750ef43\COMCTL32.dll
0x00007ffa542f0000 - 0x00007ffa54326000 	C:\WINDOWS\system32\IMM32.DLL
0x00007ffa523d0000 - 0x00007ffa5252c000 	C:\WINDOWS\system32\MSCTF.dll
0x000000006c9d0000 - 0x000000006caa2000 	C:\Program Files\Java\jdk1.8.0_65\jre\bin\msvcr100.dll
0x000000006ce50000 - 0x000000006d6d9000 	C:\Program Files\Java\jdk1.8.0_65\jre\bin\server\jvm.dll
0x00007ffa520c0000 - 0x00007ffa520c8000 	C:\WINDOWS\system32\PSAPI.DLL
0x00007ffa4c7d0000 - 0x00007ffa4c7d9000 	C:\WINDOWS\SYSTEM32\WSOCK32.dll
0x00007ffa4f2c0000 - 0x00007ffa4f2e3000 	C:\WINDOWS\SYSTEM32\WINMM.dll
0x00007ffa48530000 - 0x00007ffa4853a000 	C:\WINDOWS\SYSTEM32\VERSION.dll
0x00007ffa4f260000 - 0x00007ffa4f28c000 	C:\WINDOWS\SYSTEM32\WINMMBASE.dll
0x00007ffa54390000 - 0x00007ffa543f9000 	C:\WINDOWS\system32\WS2_32.dll
0x00007ffa52870000 - 0x00007ffa52878000 	C:\WINDOWS\system32\NSI.dll
0x00007ffa50ff0000 - 0x00007ffa51034000 	C:\WINDOWS\system32\cfgmgr32.dll
0x00007ffa4f830000 - 0x00007ffa4f857000 	C:\WINDOWS\SYSTEM32\DEVOBJ.dll
0x000000006ce40000 - 0x000000006ce4f000 	C:\Program Files\Java\jdk1.8.0_65\jre\bin\verify.dll
0x000000006ce10000 - 0x000000006ce39000 	C:\Program Files\Java\jdk1.8.0_65\jre\bin\java.dll
0x000000006cdf0000 - 0x000000006ce06000 	C:\Program Files\Java\jdk1.8.0_65\jre\bin\zip.dll

VM Arguments:
jvm_args: -Xmx1024M -Dfile.encoding=windows-1252 -Duser.country=US -Duser.language=en -Duser.variant 
java_command: com.android.dx.command.Main --dex --num-threads=4 --output D:\Android\AndroidStudioProjects\PolerBear\app\build\intermediates\dex\debug D:\Android\AndroidStudioProjects\PolerBear\app\build\intermediates\classes\debug D:\Android\AndroidStudioProjects\PolerBear\app\build\intermediates\pre-dexed\debug\support-annotations-23.1.1-c0be444b33bf979344b28f8934b20a8a14d441fb.jar D:\Android\AndroidStudioProjects\PolerBear\app\build\intermediates\pre-dexed\debug\internal_impl-23.1.1-d9f69fc390f03c3ebbf7c119383cb3921714e617.jar D:\Android\AndroidStudioProjects\PolerBear\app\build\intermediates\pre-dexed\debug\classes-1a6c18e2c1b1037604013039a6ae4fc03968ff22.jar D:\Android\AndroidStudioProjects\PolerBear\app\build\intermediates\pre-dexed\debug\classes-975d75138b6edf2777f660e525a890511ad11685.jar D:\Android\AndroidStudioProjects\PolerBear\app\build\intermediates\pre-dexed\debug\classes-24630fd95696de4a68365a4108826de91619e093.jar D:\Android\AndroidStudioProjects\PolerBear\app\build\intermediates\pre-dexed\debug\classes-4257519a97d9c6664fce4f8634e0391ba796a295.jar
java_class_path (initial): C:\Users\TIFERET\AppData\Local\Android\sdk\build-tools\23.0.2\lib\dx.jar
Launcher Type: SUN_STANDARD

Environment Variables:
JAVA_HOME=C:\Program Files\Java\jdk1.8.0_65
PATH=C:\ProgramData\Oracle\Java\javapath;C:\WINDOWS\system32;C:\WINDOWS;C:\WINDOWS\System32\Wbem;C:\WINDOWS\System32\WindowsPowerShell\v1.0\;C:\Program Files\Microsoft SQL Server\120\Tools\Binn\;C:\Program Files (x86)\Windows Kits\8.1\Windows Performance Toolkit\;C:\Program Files\Microsoft SQL Server\110\Tools\Binn\;C:\Program Files (x86)\CloudFoundry;C:\Program Files (x86)\Windows Live\Shared;C:\Program Files (x86)\Skype\Phone\
USERNAME=TIFERET
OS=Windows_NT
PROCESSOR_IDENTIFIER=Intel64 Family 6 Model 69 Stepping 1, GenuineIntel



---------------  S Y S T E M  ---------------

OS: Windows 10.0 , 64 bit Build 10240 (10.0.10240.16384)

CPU:total 4 (2 cores per cpu, 2 threads per core) family 6 model 69 stepping 1, cmov, cx8, fxsr, mmx, sse, sse2, sse3, ssse3, sse4.1, sse4.2, popcnt, avx, avx2, aes, clmul, erms, lzcnt, ht, tsc, tscinvbit, bmi1, bmi2

Memory: 4k page, physical 8299200k(1677692k free), swap 10529488k(6268k free)

vm_info: Java HotSpot(TM) 64-Bit Server VM (25.65-b01) for windows-amd64 JRE (1.8.0_65-b17), built on Oct  6 2015 16:39:20 by "java_re" with MS VC++ 10.0 (VS2010)

time: Tue Mar 29 22:23:55 2016
elapsed time: 0 seconds (0d 0h 0m 0s)

